<?xml version="1.0" encoding="utf-8"?><testsuites name="pytest tests"><testsuite name="pytest" errors="0" failures="0" skipped="0" tests="40" time="2.754" timestamp="2026-08-14T02:43:48.096122+00:00" hostname="agent-env-815ca3da-968a-437e-9256-65ff7c7879a4"><testcase classname="tests.test_asergrup.TestVehiculos" name="test_seeded_vehicles_counts" time="0.143" /><testcase classname="tests.test_asergrup.TestTurnoFlow" name="test_start_turno_auto" time="0.192" /><testcase classname="tests.test_asergrup.TestVehiculos" name="test_create_vehicle" time="0.072" /><testcase classname="tests.test_asergrup.TestTurnoFlow" name="test_start_turno_idempotent_returns_same_active" time="0.074" /><testcase classname="tests.test_asergrup.TestVehiculos" name="test_reject_invalid_tipo" time="0.030" /><testcase classname="tests.test_asergrup.TestVehiculos" name="test_update_vehicle_to_vandalizado" time="0.029" /><testcase classname="tests.test_asergrup.TestTurnoFlow" name="test_get_active_turno" time="0.075" /><testcase classname="tests.test_asergrup.TestVehiculos" name="test_vandalizado_persists_after_turno_lifecycle" time="0.136" /><testcase classname="tests.test_asergrup.TestTurnoFlow" name="test_nave_checks_default_unchecked" time="0.148" /><testcase classname="tests.test_asergrup.TestVehiculos" name="test_reorder_vehicles_persists" time="0.090" /><testcase classname="tests.test_asergrup.TestTurnoFlow" name="test_toggle_check_and_verify" time="0.114" /><testcase classname="tests.test_asergrup.TestVehiculos" name="test_delete_vehicle_cleanup" time="0.098" /><testcase classname="tests.backend_test.TestTasks" name="test_create_task" time="0.097" /><testcase classname="tests.test_asergrup.TestTurnoFlow" name="test_llamada_centralita_event" time="0.032" /><testcase classname="tests.test_asergrup.TestTurnoFlow" name="test_descanso_events" time="0.148" /><testcase classname="tests.backend_test.TestTasks" name="test_list_tasks" time="0.030" /><testcase classname="tests.backend_test.TestTasks" name="test_toggle_task_done" time="0.104" /><testcase classname="tests.test_asergrup.TestTurnoFlow" name="test_entrada_salida_nave_events" time="0.113" /><testcase classname="tests.backend_test.TestTasks" name="test_toggle_task_undo" time="0.031" /><testcase classname="tests.backend_test.TestTasks" name="test_delete_task" time="0.031" /><testcase classname="tests.test_asergrup" name="test_list_services" time="0.102" /><testcase classname="tests.test_asergrup.TestTurnoFlow" name="test_finalizar_turno_summary" time="0.038" /><testcase classname="tests.test_asergrup.TestTurnoFlow" name="test_get_turno_after_finalizar_persists" time="0.079" /><testcase classname="tests.test_asergrup" name="test_ceramicas_nave_seeded" time="0.034" /><testcase classname="tests.test_asergrup.TestTurnoFlow" name="test_active_turno_none_after_finalizar" time="0.033" /><testcase classname="tests.test_asergrup" name="test_export_excel_with_turno_filter" time="0.098" /><testcase classname="tests.backend_test.TestNaves" name="test_create_nave" time="0.075" /><testcase classname="tests.backend_test.TestNaves" name="test_list_naves" time="0.034" /><testcase classname="tests.test_asergrup" name="test_export_pdf_with_turno_filter" time="0.094" /><testcase classname="tests.backend_test.TestNaves" name="test_delete_nave" time="0.106" /><testcase classname="tests.backend_test.TestEvents" name="test_create_valid_events" time="0.462" /><testcase classname="tests.backend_test.TestUpload" name="test_upload_photo" time="0.654" /><testcase classname="tests.backend_test.TestEvents" name="test_reject_invalid_type" time="0.070" /><testcase classname="tests.backend_test.TestEvents" name="test_filter_by_guard" time="0.027" /><testcase classname="tests.test_asergrup.TestNaveChecksResetPerTurno" name="test_checks_reset_for_new_turno_same_guard" time="0.428" /><testcase classname="tests.backend_test.TestUpload" name="test_get_uploaded_file" time="0.253" /><testcase classname="tests.backend_test.TestExport" name="test_export_excel" time="0.042" /><testcase classname="tests.backend_test.TestExport" name="test_export_pdf" time="0.088" /><testcase classname="tests.backend_test" name="test_root" time="0.090" /><testcase classname="tests.backend_test.TestIncidents" name="test_create_incident_creates_event" time="0.134" /></testsuite></testsuites>