<?xml version="1.0" encoding="utf-8"?><testsuites name="pytest tests"><testsuite name="pytest" errors="0" failures="0" skipped="0" tests="17" time="1.620" timestamp="2026-08-14T02:43:38.139923+00:00" hostname="agent-env-815ca3da-968a-437e-9256-65ff7c7879a4"><testcase classname="tests.test_asergrup_v2.TestNavesConfig" name="test_all_8_naves_exist" time="0.252" /><testcase classname="tests.test_asergrup_v2.TestVandalismoAudit" name="test_setup_nave_and_vehicle" time="0.408" /><testcase classname="tests.test_asergrup_v2.TestNavesConfig" name="test_naves_config_matches_spec" time="0.028" /><testcase classname="tests.test_asergrup_v2.TestNavesConfig" name="test_oficinas_no_entrada_salida" time="0.141" /><testcase classname="tests.test_asergrup_v2.TestVandalismoAudit" name="test_mark_vandalizado_creates_event" time="0.141" /><testcase classname="tests.test_asergrup_v2.TestNavesConfig" name="test_camino_agricola_and_eolica_grua_no_access_buttons" time="0.029" /><testcase classname="tests.test_asergrup_v2.TestVehicleGruaToFix" name="test_no_grua_to_tipo_exists" time="0.057" /><testcase classname="tests.test_asergrup_v2.TestVehicleGruaToFix" name="test_to_5990_ad_vehicle_correct" time="0.073" /><testcase classname="tests.test_asergrup_v2.TestVandalismoAudit" name="test_unmark_vandalizado_creates_reparado_event" time="0.102" /><testcase classname="tests.test_asergrup_v2.TestVehicleGruaToFix" name="test_vehicle_tipos_list_has_no_grua_to" time="0.099" /><testcase classname="tests.test_asergrup_v2.TestVandalismoAudit" name="test_cleanup_vehicle" time="0.026" /><testcase classname="tests.test_asergrup_v2.TestTurnoOpciones" name="test_opciones_match_weekday_rules" time="0.037" /><testcase classname="tests.test_asergrup_v2.TestTimezone" name="test_event_timestamp_has_tzinfo_and_is_recent_utc" time="0.071" /><testcase classname="tests.test_asergrup_v2.TestTurnoOpciones" name="test_start_turno_rejects_dia_on_weekday" time="0.028" /><testcase classname="tests.test_asergrup_v2.TestTimezone" name="test_turno_start_time_matches_real_utc_now" time="0.081" /><testcase classname="tests.test_asergrup_v2.TestAutoFinalize" name="test_turno_with_past_scheduled_end_autofinalizes_on_get_active" time="0.225" /><testcase classname="tests.test_asergrup_v2.TestAutoFinalize" name="test_background_loop_autofinalizes_without_get_active_call" time="0.157" /></testsuite></testsuites>