<?xml version="1.0" encoding="utf-8"?><testsuites name="pytest tests"><testsuite name="pytest" errors="0" failures="0" skipped="0" tests="23" time="1.555" timestamp="2026-08-14T00:43:04.143656+00:00" hostname="agent-env-815ca3da-968a-437e-9256-65ff7c7879a4"><testcase classname="tests.test_asergrup.TestVehiculos" name="test_seeded_vehicles_counts" time="0.207" /><testcase classname="tests.test_asergrup.TestTurnoFlow" name="test_start_turno_auto" time="0.117" /><testcase classname="tests.test_asergrup.TestTurnoFlow" name="test_start_turno_idempotent_returns_same_active" time="0.027" /><testcase classname="tests.test_asergrup.TestTurnoFlow" name="test_get_active_turno" time="0.073" /><testcase classname="tests.test_asergrup.TestVehiculos" name="test_create_vehicle" time="0.078" /><testcase classname="tests.test_asergrup.TestTurnoFlow" name="test_nave_checks_default_unchecked" time="0.099" /><testcase classname="tests.test_asergrup.TestVehiculos" name="test_reject_invalid_tipo" time="0.033" /><testcase classname="tests.test_asergrup.TestTurnoFlow" name="test_toggle_check_and_verify" time="0.062" /><testcase classname="tests.test_asergrup.TestVehiculos" name="test_update_vehicle_to_vandalizado" time="0.077" /><testcase classname="tests.test_asergrup.TestTurnoFlow" name="test_llamada_centralita_event" time="0.068" /><testcase classname="tests.test_asergrup.TestVehiculos" name="test_vandalizado_persists_after_turno_lifecycle" time="0.140" /><testcase classname="tests.test_asergrup.TestTurnoFlow" name="test_descanso_events" time="0.093" /><testcase classname="tests.test_asergrup.TestVehiculos" name="test_reorder_vehicles_persists" time="0.150" /><testcase classname="tests.test_asergrup.TestTurnoFlow" name="test_entrada_salida_nave_events" time="0.095" /><testcase classname="tests.test_asergrup.TestTurnoFlow" name="test_finalizar_turno_summary" time="0.072" /><testcase classname="tests.test_asergrup.TestVehiculos" name="test_delete_vehicle_cleanup" time="0.111" /><testcase classname="tests.test_asergrup.TestTurnoFlow" name="test_get_turno_after_finalizar_persists" time="0.067" /><testcase classname="tests.test_asergrup.TestTurnoFlow" name="test_active_turno_none_after_finalizar" time="0.066" /><testcase classname="tests.test_asergrup" name="test_list_services" time="0.031" /><testcase classname="tests.test_asergrup" name="test_ceramicas_nave_seeded" time="0.077" /><testcase classname="tests.test_asergrup.TestNaveChecksResetPerTurno" name="test_checks_reset_for_new_turno_same_guard" time="0.386" /><testcase classname="tests.test_asergrup" name="test_export_excel_with_turno_filter" time="0.077" /><testcase classname="tests.test_asergrup" name="test_export_pdf_with_turno_filter" time="0.107" /></testsuite></testsuites>