<?xml version="1.0" encoding="utf-8"?><testsuites name="pytest tests"><testsuite name="pytest" errors="0" failures="0" skipped="0" tests="17" time="2.049" timestamp="2026-08-13T23:21:36.810036+00:00" hostname="agent-env-815ca3da-968a-437e-9256-65ff7c7879a4"><testcase classname="tests.backend_test.TestNaves" name="test_create_nave" time="0.275" /><testcase classname="tests.backend_test.TestTasks" name="test_create_task" time="0.333" /><testcase classname="tests.backend_test.TestNaves" name="test_list_naves" time="0.028" /><testcase classname="tests.backend_test.TestNaves" name="test_delete_nave" time="0.210" /><testcase classname="tests.backend_test.TestTasks" name="test_list_tasks" time="0.073" /><testcase classname="tests.backend_test.TestTasks" name="test_toggle_task_done" time="0.166" /><testcase classname="tests.backend_test.TestEvents" name="test_create_valid_events" time="0.339" /><testcase classname="tests.backend_test.TestTasks" name="test_toggle_task_undo" time="0.036" /><testcase classname="tests.backend_test.TestTasks" name="test_delete_task" time="0.077" /><testcase classname="tests.backend_test.TestUpload" name="test_upload_photo" time="0.406" /><testcase classname="tests.backend_test.TestEvents" name="test_reject_invalid_type" time="0.027" /><testcase classname="tests.backend_test.TestEvents" name="test_filter_by_guard" time="0.028" /><testcase classname="tests.backend_test" name="test_root" time="0.027" /><testcase classname="tests.backend_test.TestIncidents" name="test_create_incident_creates_event" time="0.097" /><testcase classname="tests.backend_test.TestUpload" name="test_get_uploaded_file" time="0.522" /><testcase classname="tests.backend_test.TestExport" name="test_export_excel" time="0.039" /><testcase classname="tests.backend_test.TestExport" name="test_export_pdf" time="0.085" /></testsuite></testsuites>